# JRE version: Java(TM) SE Runtime Environment 18.9 (11.0.11+9) (build 11.0.11+9-LTS-194)
# Java VM: Java HotSpot(TM) 64-Bit Server VM 18.9 (11.0.11+9-LTS-194, mixed mode, tiered, compressed oops, g1 gc, windows-amd64)
Heap:
 garbage-first heap   total 129024K, used 28272K [0x00000000e0000000, 0x0000000100000000)
  region size 1024K, 22 young (22528K), 4 survivors (4096K)
 Metaspace       used 29704K, capacity 30569K, committed 30848K, reserved 1077248K
  class space    used 3600K, capacity 3921K, committed 3968K, reserved 1048576K
GC Heap History (8 events):
Event: 0.897 GC heap before
{Heap before GC invocations=0 (full 0):
 garbage-first heap   total 129024K, used 24576K [0x00000000e0000000, 0x0000000100000000)
  region size 1024K, 24 young (24576K), 0 survivors (0K)
 Metaspace       used 12714K, capacity 12947K, committed 13312K, reserved 1060864K
  class space    used 1339K, capacity 1416K, committed 1536K, reserved 1048576K
}
Event: 0.901 GC heap after
{Heap after GC invocations=1 (full 0):
 garbage-first heap   total 129024K, used 8388K [0x00000000e0000000, 0x0000000100000000)
  region size 1024K, 3 young (3072K), 3 survivors (3072K)
 Metaspace       used 12714K, capacity 12947K, committed 13312K, reserved 1060864K
  class space    used 1339K, capacity 1416K, committed 1536K, reserved 1048576K
}
Event: 1.218 GC heap before
{Heap before GC invocations=1 (full 0):
 garbage-first heap   total 129024K, used 23748K [0x00000000e0000000, 0x0000000100000000)
  region size 1024K, 18 young (18432K), 3 survivors (3072K)
 Metaspace       used 15413K, capacity 15796K, committed 16000K, reserved 1062912K
  class space    used 1682K, capacity 1818K, committed 1920K, reserved 1048576K
}
Event: 1.221 GC heap after
{Heap after GC invocations=2 (full 0):
 garbage-first heap   total 129024K, used 9141K [0x00000000e0000000, 0x0000000100000000)
  region size 1024K, 1 young (1024K), 1 survivors (1024K)
 Metaspace       used 15413K, capacity 15796K, committed 16000K, reserved 1062912K
  class space    used 1682K, capacity 1818K, committed 1920K, reserved 1048576K
}
Event: 1.890 GC heap before
{Heap before GC invocations=2 (full 0):
 garbage-first heap   total 129024K, used 39861K [0x00000000e0000000, 0x0000000100000000)
  region size 1024K, 32 young (32768K), 1 survivors (1024K)
 Metaspace       used 20650K, capacity 21190K, committed 21248K, reserved 1069056K
  class space    used 2343K, capacity 2554K, committed 2560K, reserved 1048576K
}
Event: 1.893 GC heap after
{Heap after GC invocations=3 (full 0):
 garbage-first heap   total 129024K, used 10378K [0x00000000e0000000, 0x0000000100000000)
  region size 1024K, 2 young (2048K), 2 survivors (2048K)
 Metaspace       used 20650K, capacity 21190K, committed 21248K, reserved 1069056K
  class space    used 2343K, capacity 2554K, committed 2560K, reserved 1048576K
}
Event: 2.380 GC heap before
{Heap before GC invocations=4 (full 0):
 garbage-first heap   total 129024K, used 56458K [0x00000000e0000000, 0x0000000100000000)
  region size 1024K, 47 young (48128K), 2 survivors (2048K)
 Metaspace       used 26629K, capacity 27378K, committed 27648K, reserved 1073152K
  class space    used 3263K, capacity 3536K, committed 3584K, reserved 1048576K
}
Event: 2.384 GC heap after
{Heap after GC invocations=5 (full 0):
 garbage-first heap   total 129024K, used 11888K [0x00000000e0000000, 0x0000000100000000)
  region size 1024K, 4 young (4096K), 4 survivors (4096K)
 Metaspace       used 26629K, capacity 27378K, committed 27648K, reserved 1073152K
  class space    used 3263K, capacity 3536K, committed 3584K, reserved 1048576K
}

