# JRE version: Java(TM) SE Runtime Environment 18.9 (11.0.11+9) (build 11.0.11+9-LTS-194)
# Java VM: Java HotSpot(TM) 64-Bit Server VM 18.9 (11.0.11+9-LTS-194, mixed mode, tiered, compressed oops, g1 gc, windows-amd64)
Heap:
 garbage-first heap   total 129024K, used 14958K [0x00000000e0000000, 0x0000000100000000)
  region size 1024K, 10 young (10240K), 5 survivors (5120K)
 Metaspace       used 30675K, capacity 31593K, committed 31792K, reserved 1077248K
  class space    used 3737K, capacity 4090K, committed 4144K, reserved 1048576K
GC Heap History (8 events):
Event: 1.118 GC heap before
{Heap before GC invocations=0 (full 0):
 garbage-first heap   total 129024K, used 23552K [0x00000000e0000000, 0x0000000100000000)
  region size 1024K, 24 young (24576K), 0 survivors (0K)
 Metaspace       used 13095K, capacity 13429K, committed 13568K, reserved 1060864K
  class space    used 1385K, capacity 1472K, committed 1536K, reserved 1048576K
}
Event: 1.132 GC heap after
{Heap after GC invocations=1 (full 0):
 garbage-first heap   total 129024K, used 6348K [0x00000000e0000000, 0x0000000100000000)
  region size 1024K, 3 young (3072K), 3 survivors (3072K)
 Metaspace       used 13095K, capacity 13429K, committed 13568K, reserved 1060864K
  class space    used 1385K, capacity 1472K, committed 1536K, reserved 1048576K
}
Event: 1.649 GC heap before
{Heap before GC invocations=1 (full 0):
 garbage-first heap   total 129024K, used 26828K [0x00000000e0000000, 0x0000000100000000)
  region size 1024K, 23 young (23552K), 3 survivors (3072K)
 Metaspace       used 16788K, capacity 17239K, committed 17408K, reserved 1064960K
  class space    used 1865K, capacity 2022K, committed 2048K, reserved 1048576K
}
Event: 1.653 GC heap after
{Heap after GC invocations=2 (full 0):
 garbage-first heap   total 129024K, used 7558K [0x00000000e0000000, 0x0000000100000000)
  region size 1024K, 2 young (2048K), 2 survivors (2048K)
 Metaspace       used 16788K, capacity 17239K, committed 17408K, reserved 1064960K
  class space    used 1865K, capacity 2022K, committed 2048K, reserved 1048576K
}
Event: 2.119 GC heap before
{Heap before GC invocations=2 (full 0):
 garbage-first heap   total 129024K, used 24966K [0x00000000e0000000, 0x0000000100000000)
  region size 1024K, 20 young (20480K), 2 survivors (2048K)
 Metaspace       used 20433K, capacity 21020K, committed 21296K, reserved 1069056K
  class space    used 2338K, capacity 2561K, committed 2608K, reserved 1048576K
}
Event: 2.123 GC heap after
{Heap after GC invocations=3 (full 0):
 garbage-first heap   total 129024K, used 8600K [0x00000000e0000000, 0x0000000100000000)
  region size 1024K, 3 young (3072K), 3 survivors (3072K)
 Metaspace       used 20433K, capacity 21020K, committed 21296K, reserved 1069056K
  class space    used 2338K, capacity 2561K, committed 2608K, reserved 1048576K
}
Event: 2.988 GC heap before
{Heap before GC invocations=4 (full 0):
 garbage-first heap   total 129024K, used 67992K [0x00000000e0000000, 0x0000000100000000)
  region size 1024K, 61 young (62464K), 3 survivors (3072K)
 Metaspace       used 30091K, capacity 30971K, committed 31152K, reserved 1077248K
  class space    used 3651K, capacity 3989K, committed 4016K, reserved 1048576K
}
Event: 2.995 GC heap after
{Heap after GC invocations=5 (full 0):
 garbage-first heap   total 129024K, used 10862K [0x00000000e0000000, 0x0000000100000000)
  region size 1024K, 5 young (5120K), 5 survivors (5120K)
 Metaspace       used 30091K, capacity 30971K, committed 31152K, reserved 1077248K
  class space    used 3651K, capacity 3989K, committed 4016K, reserved 1048576K
}

