# JRE version: Java(TM) SE Runtime Environment 18.9 (11.0.11+9) (build 11.0.11+9-LTS-194)
# Java VM: Java HotSpot(TM) 64-Bit Server VM 18.9 (11.0.11+9-LTS-194, mixed mode, tiered, compressed oops, g1 gc, windows-amd64)
Heap:
 garbage-first heap   total 129024K, used 55780K [0x00000000e0000000, 0x0000000100000000)
  region size 1024K, 38 young (38912K), 5 survivors (5120K)
 Metaspace       used 62949K, capacity 64375K, committed 64640K, reserved 1105920K
  class space    used 8184K, capacity 8753K, committed 8832K, reserved 1048576K
GC Heap History (10 events):
Event: 3.409 GC heap before
{Heap before GC invocations=6 (full 0):
 garbage-first heap   total 129024K, used 64918K [0x00000000e0000000, 0x0000000100000000)
  region size 1024K, 58 young (59392K), 5 survivors (5120K)
 Metaspace       used 34749K, capacity 35710K, committed 35840K, reserved 1081344K
  class space    used 4254K, capacity 4608K, committed 4608K, reserved 1048576K
}
Event: 3.416 GC heap after
{Heap after GC invocations=7 (full 0):
 garbage-first heap   total 129024K, used 14210K [0x00000000e0000000, 0x0000000100000000)
  region size 1024K, 6 young (6144K), 6 survivors (6144K)
 Metaspace       used 34749K, capacity 35710K, committed 35840K, reserved 1081344K
  class space    used 4254K, capacity 4608K, committed 4608K, reserved 1048576K
}
Event: 4.793 GC heap before
{Heap before GC invocations=8 (full 0):
 garbage-first heap   total 129024K, used 83842K [0x00000000e0000000, 0x0000000100000000)
  region size 1024K, 75 young (76800K), 6 survivors (6144K)
 Metaspace       used 41646K, capacity 42943K, committed 43136K, reserved 1087488K
  class space    used 5135K, capacity 5644K, committed 5760K, reserved 1048576K
}
Event: 4.803 GC heap after
{Heap after GC invocations=9 (full 0):
 garbage-first heap   total 129024K, used 18386K [0x00000000e0000000, 0x0000000100000000)
  region size 1024K, 10 young (10240K), 10 survivors (10240K)
 Metaspace       used 41646K, capacity 42943K, committed 43136K, reserved 1087488K
  class space    used 5135K, capacity 5644K, committed 5760K, reserved 1048576K
}
Event: 5.603 GC heap before
{Heap before GC invocations=9 (full 0):
 garbage-first heap   total 129024K, used 83922K [0x00000000e0000000, 0x0000000100000000)
  region size 1024K, 75 young (76800K), 10 survivors (10240K)
 Metaspace       used 46259K, capacity 47509K, committed 47616K, reserved 1091584K
  class space    used 5615K, capacity 6119K, committed 6144K, reserved 1048576K
}
Event: 5.615 GC heap after
{Heap after GC invocations=10 (full 0):
 garbage-first heap   total 129024K, used 20101K [0x00000000e0000000, 0x0000000100000000)
  region size 1024K, 7 young (7168K), 7 survivors (7168K)
 Metaspace       used 46259K, capacity 47509K, committed 47616K, reserved 1091584K
  class space    used 5615K, capacity 6119K, committed 6144K, reserved 1048576K
}
Event: 7.053 GC heap before
{Heap before GC invocations=10 (full 0):
 garbage-first heap   total 129024K, used 89733K [0x00000000e0000000, 0x0000000100000000)
  region size 1024K, 75 young (76800K), 7 survivors (7168K)
 Metaspace       used 56694K, capacity 57988K, committed 58240K, reserved 1099776K
  class space    used 7204K, capacity 7732K, committed 7808K, reserved 1048576K
}
Event: 7.060 GC heap after
{Heap after GC invocations=11 (full 0):
 garbage-first heap   total 129024K, used 23063K [0x00000000e0000000, 0x0000000100000000)
  region size 1024K, 5 young (5120K), 5 survivors (5120K)
 Metaspace       used 56694K, capacity 57988K, committed 58240K, reserved 1099776K
  class space    used 7204K, capacity 7732K, committed 7808K, reserved 1048576K
}
Event: 7.229 GC heap before
{Heap before GC invocations=11 (full 0):
 garbage-first heap   total 129024K, used 34327K [0x00000000e0000000, 0x0000000100000000)
  region size 1024K, 17 young (17408K), 5 survivors (5120K)
 Metaspace       used 58597K, capacity 59868K, committed 59948K, reserved 1101824K
  class space    used 7537K, capacity 8059K, committed 8064K, reserved 1048576K
}
Event: 7.234 GC heap after
{Heap after GC invocations=12 (full 0):
 garbage-first heap   total 129024K, used 23012K [0x00000000e0000000, 0x0000000100000000)
  region size 1024K, 5 young (5120K), 5 survivors (5120K)
 Metaspace       used 58597K, capacity 59868K, committed 59948K, reserved 1101824K
  class space    used 7537K, capacity 8059K, committed 8064K, reserved 1048576K
}

