# JRE version: Java(TM) SE Runtime Environment 18.9 (11.0.11+9) (build 11.0.11+9-LTS-194)
# Java VM: Java HotSpot(TM) 64-Bit Server VM 18.9 (11.0.11+9-LTS-194, mixed mode, tiered, compressed oops, g1 gc, windows-amd64)
Heap:
 garbage-first heap   total 155648K, used 13017K [0x0000000082200000, 0x0000000100000000)
  region size 1024K, 7 young (7168K), 7 survivors (7168K)
 Metaspace       used 33528K, capacity 34439K, committed 34608K, reserved 1079296K
  class space    used 4026K, capacity 4407K, committed 4480K, reserved 1048576K
GC Heap History (9 events):
Event: 0.712 GC heap before
{Heap before GC invocations=0 (full 0):
 garbage-first heap   total 129024K, used 25600K [0x0000000082200000, 0x0000000100000000)
  region size 1024K, 24 young (24576K), 0 survivors (0K)
 Metaspace       used 12361K, capacity 12654K, committed 12928K, reserved 1060864K
  class space    used 1217K, capacity 1310K, committed 1408K, reserved 1048576K
}
Event: 0.717 GC heap after
{Heap after GC invocations=1 (full 0):
 garbage-first heap   total 129024K, used 6589K [0x0000000082200000, 0x0000000100000000)
  region size 1024K, 3 young (3072K), 3 survivors (3072K)
 Metaspace       used 12361K, capacity 12654K, committed 12928K, reserved 1060864K
  class space    used 1217K, capacity 1310K, committed 1408K, reserved 1048576K
}
Event: 1.038 GC heap before
{Heap before GC invocations=1 (full 0):
 garbage-first heap   total 129024K, used 28093K [0x0000000082200000, 0x0000000100000000)
  region size 1024K, 24 young (24576K), 3 survivors (3072K)
 Metaspace       used 16814K, capacity 17170K, committed 17408K, reserved 1064960K
  class space    used 1830K, capacity 1966K, committed 2048K, reserved 1048576K
}
Event: 1.044 GC heap after
{Heap after GC invocations=2 (full 0):
 garbage-first heap   total 129024K, used 7755K [0x0000000082200000, 0x0000000100000000)
  region size 1024K, 2 young (2048K), 2 survivors (2048K)
 Metaspace       used 16814K, capacity 17170K, committed 17408K, reserved 1064960K
  class space    used 1830K, capacity 1966K, committed 2048K, reserved 1048576K
}
Event: 1.399 GC heap before
{Heap before GC invocations=2 (full 0):
 garbage-first heap   total 129024K, used 31307K [0x0000000082200000, 0x0000000100000000)
  region size 1024K, 26 young (26624K), 2 survivors (2048K)
 Metaspace       used 20654K, capacity 21114K, committed 21296K, reserved 1069056K
  class space    used 2386K, capacity 2583K, committed 2688K, reserved 1048576K
}
Event: 1.405 GC heap after
{Heap after GC invocations=3 (full 0):
 garbage-first heap   total 129024K, used 8628K [0x0000000082200000, 0x0000000100000000)
  region size 1024K, 2 young (2048K), 2 survivors (2048K)
 Metaspace       used 20654K, capacity 21114K, committed 21296K, reserved 1069056K
  class space    used 2386K, capacity 2583K, committed 2688K, reserved 1048576K
}
Event: 1.781 GC heap before
{Heap before GC invocations=4 (full 0):
 garbage-first heap   total 129024K, used 69044K [0x0000000082200000, 0x0000000100000000)
  region size 1024K, 62 young (63488K), 2 survivors (2048K)
 Metaspace       used 25469K, capacity 26002K, committed 26160K, reserved 1073152K
  class space    used 2961K, capacity 3147K, committed 3200K, reserved 1048576K
}
Event: 1.786 GC heap after
{Heap after GC invocations=5 (full 0):
 garbage-first heap   total 129024K, used 9567K [0x0000000082200000, 0x0000000100000000)
  region size 1024K, 3 young (3072K), 3 survivors (3072K)
 Metaspace       used 25469K, capacity 26002K, committed 26160K, reserved 1073152K
  class space    used 2961K, capacity 3147K, committed 3200K, reserved 1048576K
}
Event: 4.183 GC heap before
{Heap before GC invocations=5 (full 0):
 garbage-first heap   total 129024K, used 79199K [0x0000000082200000, 0x0000000100000000)
  region size 1024K, 71 young (72704K), 3 survivors (3072K)
 Metaspace       used 33528K, capacity 34439K, committed 34608K, reserved 1079296K
  class space    used 4026K, capacity 4407K, committed 4480K, reserved 1048576K
}

