# JRE version: Java(TM) SE Runtime Environment 18.9 (11.0.11+9) (build 11.0.11+9-LTS-194)
# Java VM: Java HotSpot(TM) 64-Bit Server VM 18.9 (11.0.11+9-LTS-194, mixed mode, tiered, compressed oops, g1 gc, windows-amd64)
Heap:
 garbage-first heap   total 129024K, used 39229K [0x00000000e0000000, 0x0000000100000000)
  region size 1024K, 26 young (26624K), 7 survivors (7168K)
 Metaspace       used 48042K, capacity 49315K, committed 49664K, reserved 1093632K
  class space    used 5802K, capacity 6292K, committed 6400K, reserved 1048576K
GC Heap History (10 events):
Event: 1.732 GC heap before
{Heap before GC invocations=4 (full 0):
 garbage-first heap   total 129024K, used 57821K [0x00000000e0000000, 0x0000000100000000)
  region size 1024K, 49 young (50176K), 2 survivors (2048K)
 Metaspace       used 26165K, capacity 26934K, committed 27136K, reserved 1073152K
  class space    used 3217K, capacity 3495K, committed 3584K, reserved 1048576K
}
Event: 1.735 GC heap after
{Heap after GC invocations=5 (full 0):
 garbage-first heap   total 129024K, used 12298K [0x00000000e0000000, 0x0000000100000000)
  region size 1024K, 4 young (4096K), 4 survivors (4096K)
 Metaspace       used 26165K, capacity 26934K, committed 27136K, reserved 1073152K
  class space    used 3217K, capacity 3495K, committed 3584K, reserved 1048576K
}
Event: 1.970 GC heap before
{Heap before GC invocations=5 (full 0):
 garbage-first heap   total 129024K, used 69642K [0x00000000e0000000, 0x0000000100000000)
  region size 1024K, 61 young (62464K), 4 survivors (4096K)
 Metaspace       used 30537K, capacity 31421K, committed 31488K, reserved 1077248K
  class space    used 3723K, capacity 4057K, committed 4096K, reserved 1048576K
}
Event: 1.974 GC heap after
{Heap after GC invocations=6 (full 0):
 garbage-first heap   total 129024K, used 13265K [0x00000000e0000000, 0x0000000100000000)
  region size 1024K, 5 young (5120K), 5 survivors (5120K)
 Metaspace       used 30537K, capacity 31421K, committed 31488K, reserved 1077248K
  class space    used 3723K, capacity 4057K, committed 4096K, reserved 1048576K
}
Event: 2.509 GC heap before
{Heap before GC invocations=6 (full 0):
 garbage-first heap   total 129024K, used 68561K [0x00000000e0000000, 0x0000000100000000)
  region size 1024K, 61 young (62464K), 5 survivors (5120K)
 Metaspace       used 34729K, capacity 35645K, committed 35840K, reserved 1081344K
  class space    used 4254K, capacity 4608K, committed 4608K, reserved 1048576K
}
Event: 2.515 GC heap after
{Heap after GC invocations=7 (full 0):
 garbage-first heap   total 129024K, used 14717K [0x00000000e0000000, 0x0000000100000000)
  region size 1024K, 6 young (6144K), 6 survivors (6144K)
 Metaspace       used 34729K, capacity 35645K, committed 35840K, reserved 1081344K
  class space    used 4254K, capacity 4608K, committed 4608K, reserved 1048576K
}
Event: 3.454 GC heap before
{Heap before GC invocations=8 (full 0):
 garbage-first heap   total 129024K, used 84349K [0x00000000e0000000, 0x0000000100000000)
  region size 1024K, 75 young (76800K), 6 survivors (6144K)
 Metaspace       used 41646K, capacity 42943K, committed 43136K, reserved 1087488K
  class space    used 5135K, capacity 5644K, committed 5760K, reserved 1048576K
}
Event: 3.461 GC heap after
{Heap after GC invocations=9 (full 0):
 garbage-first heap   total 129024K, used 18864K [0x00000000e0000000, 0x0000000100000000)
  region size 1024K, 10 young (10240K), 10 survivors (10240K)
 Metaspace       used 41646K, capacity 42943K, committed 43136K, reserved 1087488K
  class space    used 5135K, capacity 5644K, committed 5760K, reserved 1048576K
}
Event: 4.061 GC heap before
{Heap before GC invocations=9 (full 0):
 garbage-first heap   total 129024K, used 84400K [0x00000000e0000000, 0x0000000100000000)
  region size 1024K, 75 young (76800K), 10 survivors (10240K)
 Metaspace       used 46222K, capacity 47503K, committed 47616K, reserved 1091584K
  class space    used 5614K, capacity 6118K, committed 6144K, reserved 1048576K
}
Event: 4.069 GC heap after
{Heap after GC invocations=10 (full 0):
 garbage-first heap   total 129024K, used 20797K [0x00000000e0000000, 0x0000000100000000)
  region size 1024K, 7 young (7168K), 7 survivors (7168K)
 Metaspace       used 46222K, capacity 47503K, committed 47616K, reserved 1091584K
  class space    used 5614K, capacity 6118K, committed 6144K, reserved 1048576K
}

