# JRE version: Java(TM) SE Runtime Environment 18.9 (11.0.11+9) (build 11.0.11+9-LTS-194)
# Java VM: Java HotSpot(TM) 64-Bit Server VM 18.9 (11.0.11+9-LTS-194, mixed mode, tiered, compressed oops, g1 gc, windows-amd64)
Heap:
 garbage-first heap   total 129024K, used 64481K [0x00000000e0000000, 0x0000000100000000)
  region size 1024K, 51 young (52224K), 7 survivors (7168K)
 Metaspace       used 52802K, capacity 54081K, committed 54144K, reserved 1095680K
  class space    used 6710K, capacity 7241K, committed 7296K, reserved 1048576K
GC Heap History (10 events):
Event: 2.627 GC heap before
{Heap before GC invocations=3 (full 0):
 garbage-first heap   total 129024K, used 59676K [0x00000000e0000000, 0x0000000100000000)
  region size 1024K, 54 young (55296K), 6 survivors (6144K)
 Metaspace       used 26607K, capacity 27346K, committed 27392K, reserved 1073152K
  class space    used 3276K, capacity 3568K, committed 3584K, reserved 1048576K
}
Event: 2.634 GC heap after
{Heap after GC invocations=4 (full 0):
 garbage-first heap   total 129024K, used 12090K [0x00000000e0000000, 0x0000000100000000)
  region size 1024K, 4 young (4096K), 4 survivors (4096K)
 Metaspace       used 26607K, capacity 27346K, committed 27392K, reserved 1073152K
  class space    used 3276K, capacity 3568K, committed 3584K, reserved 1048576K
}
Event: 2.928 GC heap before
{Heap before GC invocations=4 (full 0):
 garbage-first heap   total 129024K, used 70458K [0x00000000e0000000, 0x0000000100000000)
  region size 1024K, 62 young (63488K), 4 survivors (4096K)
 Metaspace       used 30428K, capacity 31262K, committed 31488K, reserved 1077248K
  class space    used 3704K, capacity 4025K, committed 4096K, reserved 1048576K
}
Event: 2.932 GC heap after
{Heap after GC invocations=5 (full 0):
 garbage-first heap   total 129024K, used 12886K [0x00000000e0000000, 0x0000000100000000)
  region size 1024K, 5 young (5120K), 5 survivors (5120K)
 Metaspace       used 30428K, capacity 31262K, committed 31488K, reserved 1077248K
  class space    used 3704K, capacity 4025K, committed 4096K, reserved 1048576K
}
Event: 3.713 GC heap before
{Heap before GC invocations=5 (full 0):
 garbage-first heap   total 129024K, used 62038K [0x00000000e0000000, 0x0000000100000000)
  region size 1024K, 55 young (56320K), 5 survivors (5120K)
 Metaspace       used 34728K, capacity 35645K, committed 35840K, reserved 1081344K
  class space    used 4255K, capacity 4608K, committed 4608K, reserved 1048576K
}
Event: 3.720 GC heap after
{Heap after GC invocations=6 (full 0):
 garbage-first heap   total 129024K, used 14415K [0x00000000e0000000, 0x0000000100000000)
  region size 1024K, 6 young (6144K), 6 survivors (6144K)
 Metaspace       used 34728K, capacity 35645K, committed 35840K, reserved 1081344K
  class space    used 4255K, capacity 4608K, committed 4608K, reserved 1048576K
}
Event: 5.229 GC heap before
{Heap before GC invocations=7 (full 0):
 garbage-first heap   total 129024K, used 84047K [0x00000000e0000000, 0x0000000100000000)
  region size 1024K, 75 young (76800K), 6 survivors (6144K)
 Metaspace       used 41658K, capacity 42941K, committed 43136K, reserved 1087488K
  class space    used 5135K, capacity 5644K, committed 5760K, reserved 1048576K
}
Event: 5.241 GC heap after
{Heap after GC invocations=8 (full 0):
 garbage-first heap   total 129024K, used 18186K [0x00000000e0000000, 0x0000000100000000)
  region size 1024K, 8 young (8192K), 8 survivors (8192K)
 Metaspace       used 41658K, capacity 42941K, committed 43136K, reserved 1087488K
  class space    used 5135K, capacity 5644K, committed 5760K, reserved 1048576K
}
Event: 6.372 GC heap before
{Heap before GC invocations=8 (full 0):
 garbage-first heap   total 129024K, used 85770K [0x00000000e0000000, 0x0000000100000000)
  region size 1024K, 75 young (76800K), 8 survivors (8192K)
 Metaspace       used 46421K, capacity 47735K, committed 48000K, reserved 1091584K
  class space    used 5637K, capacity 6152K, committed 6272K, reserved 1048576K
}
Event: 6.379 GC heap after
{Heap after GC invocations=9 (full 0):
 garbage-first heap   total 129024K, used 20449K [0x00000000e0000000, 0x0000000100000000)
  region size 1024K, 7 young (7168K), 7 survivors (7168K)
 Metaspace       used 46421K, capacity 47735K, committed 48000K, reserved 1091584K
  class space    used 5637K, capacity 6152K, committed 6272K, reserved 1048576K
}

